Array
(
    [SERVER_SOFTWARE] => nginx/1.25.4
    [REQUEST_URI] => /cart/
    [USER] => ers
    [HOME] => /Users/ers
    [HTTP_COOKIE] => wp-settings-time-1=1744399004; wp-settings-1=editor%3Dtinymce; PHPSESSID=3b327597792cec7298c0e72f028a9e98
    [HTTP_ACCEPT_LANGUAGE] => en-US,en;q=0.9
    [HTTP_ACCEPT_ENCODING] => gzip, deflate
    [HTTP_REFERER] => http://resource-site.test/cart/
    [HTTP_ORIGIN] => http://resource-site.test
    [HTTP_ACCEPT] => */*
    [HTTP_CONTENT_TYPE] => multipart/form-data; boundary=----WebKitFormBoundarypsBM5K6RO6Aa26U7
    [HTTP_USER_AGENT] => Mozilla/5.0 (Macintosh; Intel Mac OS X 10_15_7) AppleWebKit/537.36 (KHTML, like Gecko) Chrome/136.0.0.0 Safari/537.36
    [HTTP_CONTENT_LENGTH] => 255
    [HTTP_CONNECTION] => keep-alive
    [HTTP_HOST] => resource-site.test
    [PATH_INFO] => 
    [HERD_HOME] => /Users/ers/Library/Application Support/Herd
    [REDIRECT_STATUS] => 200
    [SERVER_NAME] => resource-site.test
    [SERVER_PORT] => 80
    [SERVER_ADDR] => 127.0.0.1
    [REMOTE_PORT] => 62586
    [REMOTE_ADDR] => 127.0.0.1
    [GATEWAY_INTERFACE] => CGI/1.1
    [SERVER_PROTOCOL] => HTTP/1.1
    [DOCUMENT_ROOT] => /Users/ers/projects/resource-site
    [DOCUMENT_URI] => /Applications/Herd.app/Contents/Resources/valet/server.php
    [SCRIPT_NAME] => /index.php
    [SCRIPT_FILENAME] => /Users/ers/projects/resource-site/index.php
    [CONTENT_LENGTH] => 255
    [CONTENT_TYPE] => multipart/form-data; boundary=----WebKitFormBoundarypsBM5K6RO6Aa26U7
    [REQUEST_METHOD] => POST
    [QUERY_STRING] => 
    [FCGI_ROLE] => RESPONDER
    [PHP_SELF] => /cart/
    [REQUEST_TIME_FLOAT] => 1747080805.5429
    [REQUEST_TIME] => 1747080805
    [argv] => Array
        (
        )

    [argc] => 0
    [HERD_SITE_PATH] => /Users/ers/projects/resource-site
)
